#
# There is insufficient memory for the Java Runtime Environment to continue.
# Native memory allocation (malloc) failed to allocate 658016 bytes. Error detail: Chunk::new
# Possible reasons:
#   The system is out of physical RAM or swap space
#   This process is running with CompressedOops enabled, and the Java Heap may be blocking the growth of the native heap
# Possible solutions:
#   Reduce memory load on the system
#   Increase physical memory or swap space
#   Check if swap backing store is full
#   Decrease Java heap size (-Xmx/-Xms)
#   Decrease number of Java threads
#   Decrease Java thread stack sizes (-Xss)
#   Set larger code cache with -XX:ReservedCodeCacheSize=
#   JVM is running with Zero Based Compressed Oops mode in which the Java heap is
#     placed in the first 32GB address space. The Java Heap base address is the
#     maximum limit for the native heap growth. Please use -XX:HeapBaseMinAddress
#     to set the Java Heap base and to place the Java Heap above 32GB virtual address.
# This output file may be truncated or incomplete.
#
#  Out of Memory Error (arena.cpp:191), pid=4644, tid=60708
#
# JRE version: OpenJDK Runtime Environment Temurin-17.0.14+7 (17.0.14+7) (build 17.0.14+7)
# Java VM: OpenJDK 64-Bit Server VM Temurin-17.0.14+7 (17.0.14+7, mixed mode, sharing, tiered, compressed oops, compressed class ptrs, g1 gc, windows-amd64)
# No core dump will be written. Minidumps are not enabled by default on client versions of Windows
#

---------------  S U M M A R Y ------------

Command Line: org.jetbrains.kotlin.cli.jvm.K2JVMCompiler @C:\src\flutter\packages\flutter_tools\gradle\build\20251230_4849975701091230167.compiler.options

Host: 12th Gen Intel(R) Core(TM) i7-1265U, 12 cores, 15G,  Windows 11 , 64 bit Build 26100 (10.0.26100.7309)
Time: Tue Dec 30 15:07:57 2025 ora solare Europa occidentale elapsed time: 14.763126 seconds (0d 0h 0m 14s)

---------------  T H R E A D  ---------------

Current thread (0x0000020204026d20):  JavaThread "C2 CompilerThread0" daemon [_thread_in_native, id=60708, stack(0x000000ef97400000,0x000000ef97500000)]


Current CompileTask:
C2:  14763 3264       4       java.lang.ClassLoader::loadClass (7 bytes)

Stack: [0x000000ef97400000,0x000000ef97500000]
Native frames: (J=compiled Java code, j=interpreted, Vv=VM code, C=native code)
V  [jvm.dll+0x682eb9]
V  [jvm.dll+0x8399c8]
V  [jvm.dll+0x83b473]
V  [jvm.dll+0x83bae3]
V  [jvm.dll+0x24715f]
V  [jvm.dll+0xace44]
V  [jvm.dll+0xad4dc]
V  [jvm.dll+0x2ac98f]
V  [jvm.dll+0x588f69]
V  [jvm.dll+0x220fb2]
V  [jvm.dll+0x219c8b]
V  [jvm.dll+0x21748b]
V  [jvm.dll+0x1a3150]
V  [jvm.dll+0x22799c]
V  [jvm.dll+0x225afb]
V  [jvm.dll+0x7ef128]
V  [jvm.dll+0x7e948c]
V  [jvm.dll+0x681d97]
C  [ucrtbase.dll+0x37b0]
C  [KERNEL32.DLL+0x2e8d7]
C  [ntdll.dll+0x8c53c]


---------------  P R O C E S S  ---------------

Threads class SMR info:
_java_thread_list=0x0000020204a95520, length=13, elements={
0x000002021bd9d260, 0x0000020204005eb0, 0x0000020204007120, 0x00000202040206a0,
0x0000020204020f70, 0x0000020204025850, 0x0000020204026120, 0x0000020204026d20,
0x0000020204027dd0, 0x00000202040286e0, 0x000002020418c230, 0x000002020418f590,
0x0000020205117510
}

Java Threads: ( => current thread )
  0x000002021bd9d260 JavaThread "main" [_thread_blocked, id=2748, stack(0x000000ef96700000,0x000000ef96800000)]
  0x0000020204005eb0 JavaThread "Reference Handler" daemon [_thread_blocked, id=34684, stack(0x000000ef96e00000,0x000000ef96f00000)]
  0x0000020204007120 JavaThread "Finalizer" daemon [_thread_blocked, id=45088, stack(0x000000ef96f00000,0x000000ef97000000)]
  0x00000202040206a0 JavaThread "Signal Dispatcher" daemon [_thread_blocked, id=42028, stack(0x000000ef97000000,0x000000ef97100000)]
  0x0000020204020f70 JavaThread "Attach Listener" daemon [_thread_blocked, id=52072, stack(0x000000ef97100000,0x000000ef97200000)]
  0x0000020204025850 JavaThread "Service Thread" daemon [_thread_blocked, id=26612, stack(0x000000ef97200000,0x000000ef97300000)]
  0x0000020204026120 JavaThread "Monitor Deflation Thread" daemon [_thread_blocked, id=6592, stack(0x000000ef97300000,0x000000ef97400000)]
=>0x0000020204026d20 JavaThread "C2 CompilerThread0" daemon [_thread_in_native, id=60708, stack(0x000000ef97400000,0x000000ef97500000)]
  0x0000020204027dd0 JavaThread "C1 CompilerThread0" daemon [_thread_in_vm, id=1588, stack(0x000000ef97500000,0x000000ef97600000)]
  0x00000202040286e0 JavaThread "Sweeper thread" daemon [_thread_blocked, id=33676, stack(0x000000ef97600000,0x000000ef97700000)]
  0x000002020418c230 JavaThread "Notification Thread" daemon [_thread_blocked, id=55292, stack(0x000000ef97700000,0x000000ef97800000)]
  0x000002020418f590 JavaThread "Common-Cleaner" daemon [_thread_blocked, id=28732, stack(0x000000ef97900000,0x000000ef97a00000)]
  0x0000020205117510 JavaThread "C2 CompilerThread1" daemon [_thread_blocked, id=13760, stack(0x000000ef98200000,0x000000ef98300000)]

Other Threads:
  0x000002023eeed1c0 VMThread "VM Thread" [stack: 0x000000ef96d00000,0x000000ef96e00000] [id=48920]
  0x000002020418cd20 WatcherThread [stack: 0x000000ef97800000,0x000000ef97900000] [id=22760]
  0x000002021be0c660 GCTaskThread "GC Thread#0" [stack: 0x000000ef96800000,0x000000ef96900000] [id=48016]
  0x00000202048103c0 GCTaskThread "GC Thread#1" [stack: 0x000000ef97a00000,0x000000ef97b00000] [id=38652]
  0x0000020204810680 GCTaskThread "GC Thread#2" [stack: 0x000000ef97b00000,0x000000ef97c00000] [id=63400]
  0x0000020204810940 GCTaskThread "GC Thread#3" [stack: 0x000000ef97c00000,0x000000ef97d00000] [id=37932]
  0x0000020204810c00 GCTaskThread "GC Thread#4" [stack: 0x000000ef97d00000,0x000000ef97e00000] [id=37136]
  0x0000020204810ec0 GCTaskThread "GC Thread#5" [stack: 0x000000ef97e00000,0x000000ef97f00000] [id=57400]
  0x0000020204d1c800 GCTaskThread "GC Thread#6" [stack: 0x000000ef97f00000,0x000000ef98000000] [id=38508]
  0x0000020204d1cac0 GCTaskThread "GC Thread#7" [stack: 0x000000ef98000000,0x000000ef98100000] [id=2284]
  0x0000020204d1d390 GCTaskThread "GC Thread#8" [stack: 0x000000ef98100000,0x000000ef98200000] [id=53084]
  0x0000020204f21930 GCTaskThread "GC Thread#9" [stack: 0x000000ef98400000,0x000000ef98500000] [id=55800]
  0x000002021be1d0c0 ConcurrentGCThread "G1 Main Marker" [stack: 0x000000ef96900000,0x000000ef96a00000] [id=36884]
  0x000002021be1ef50 ConcurrentGCThread "G1 Conc#0" [stack: 0x000000ef96a00000,0x000000ef96b00000] [id=52824]
  0x0000020204f21bf0 ConcurrentGCThread "G1 Conc#1" [stack: 0x000000ef98500000,0x000000ef98600000] [id=45800]
  0x0000020204f20330 ConcurrentGCThread "G1 Conc#2" [stack: 0x000000ef98600000,0x000000ef98700000] [id=17608]
  0x000002023eda7820 ConcurrentGCThread "G1 Refine#0" [stack: 0x000000ef96b00000,0x000000ef96c00000] [id=40788]
  0x000002023eda9010 ConcurrentGCThread "G1 Service" [stack: 0x000000ef96c00000,0x000000ef96d00000] [id=56460]

Threads with active compile tasks:
C2 CompilerThread0    14785 3264       4       java.lang.ClassLoader::loadClass (7 bytes)
C1 CompilerThread0    14785 3317       3       org.jetbrains.kotlin.com.intellij.util.containers.SLRUMap::get (68 bytes)

VM state: not at safepoint (normal execution)

VM Mutex/Monitor currently owned by a thread:  ([mutex/lock_event])
[0x0000020219b3cce0] CodeCache_lock - owner thread: 0x0000020204027dd0
[0x000002021bd9b220] Compile_lock - owner thread: 0x0000020204027dd0
[0x000002021bd9b4f0] MethodCompileQueue_lock - owner thread: 0x0000020204027dd0

Heap address: 0x0000000704e00000, size: 4018 MB, Compressed Oops mode: Zero based, Oop shift amount: 3

CDS archive(s) mapped at: [0x000002023f000000-0x000002023fbb0000-0x000002023fbb0000), size 12255232, SharedBaseAddress: 0x000002023f000000, ArchiveRelocationMode: 1.
Compressed class space mapped at: 0x0000020240000000-0x0000020280000000, reserved size: 1073741824
Narrow klass base: 0x000002023f000000, Narrow klass shift: 0, Narrow klass range: 0x100000000

GC Precious Log:
 CPUs: 12 total, 12 available
 Memory: 16068M
 Large Page Support: Disabled
 NUMA Support: Disabled
 Compressed Oops: Enabled (Zero based)
 Heap Region Size: 2M
 Heap Min Capacity: 8M
 Heap Initial Capacity: 252M
 Heap Max Capacity: 4018M
 Pre-touch: Disabled
 Parallel Workers: 10
 Concurrent Workers: 3
 Concurrent Refinement Workers: 10
 Periodic GC: Disabled

Heap:
 garbage-first heap   total 100352K, used 60291K [0x0000000704e00000, 0x0000000800000000)
  region size 2048K, 9 young (18432K), 1 survivors (2048K)
 Metaspace       used 38532K, committed 38784K, reserved 1114112K
  class space    used 4752K, committed 4864K, reserved 1048576K

Heap Regions: E=young(eden), S=young(survivor), O=old, HS=humongous(starts), HC=humongous(continues), CS=collection set, F=free, OA=open archive, CA=closed archive, TAMS=top-at-mark-start (previous, next)
|   0|0x0000000704e00000, 0x0000000705000000, 0x0000000705000000|100%|HS|  |TAMS 0x0000000705000000, 0x0000000704e00000| Complete 
|   1|0x0000000705000000, 0x0000000705200000, 0x0000000705200000|100%|HC|  |TAMS 0x0000000705200000, 0x0000000705000000| Complete 
|   2|0x0000000705200000, 0x0000000705400000, 0x0000000705400000|100%|HS|  |TAMS 0x0000000705400000, 0x0000000705200000| Complete 
|   3|0x0000000705400000, 0x0000000705600000, 0x0000000705600000|100%|HC|  |TAMS 0x0000000705600000, 0x0000000705400000| Complete 
|   4|0x0000000705600000, 0x0000000705800000, 0x0000000705800000|100%|HC|  |TAMS 0x0000000705800000, 0x0000000705600000| Complete 
|   5|0x0000000705800000, 0x0000000705a00000, 0x0000000705a00000|100%|HS|  |TAMS 0x0000000705a00000, 0x0000000705800000| Complete 
|   6|0x0000000705a00000, 0x0000000705bb3800, 0x0000000705c00000| 85%| O|  |TAMS 0x0000000705a00000, 0x0000000705a00000| Untracked 
|   7|0x0000000705c00000, 0x0000000705e00000, 0x0000000705e00000|100%| O|  |TAMS 0x0000000705e00000, 0x0000000705c00000| Untracked 
|   8|0x0000000705e00000, 0x0000000706000000, 0x0000000706000000|100%| O|  |TAMS 0x0000000706000000, 0x0000000705e00000| Untracked 
|   9|0x0000000706000000, 0x0000000706200000, 0x0000000706200000|100%| O|  |TAMS 0x0000000706200000, 0x0000000706000000| Untracked 
|  10|0x0000000706200000, 0x0000000706400000, 0x0000000706400000|100%| O|  |TAMS 0x0000000706400000, 0x0000000706200000| Untracked 
|  11|0x0000000706400000, 0x0000000706600000, 0x0000000706600000|100%| O|  |TAMS 0x0000000706600000, 0x0000000706400000| Untracked 
|  12|0x0000000706600000, 0x0000000706800000, 0x0000000706800000|100%| O|  |TAMS 0x0000000706800000, 0x0000000706600000| Untracked 
|  13|0x0000000706800000, 0x0000000706a00000, 0x0000000706a00000|100%| O|  |TAMS 0x0000000706a00000, 0x0000000706800000| Untracked 
|  14|0x0000000706a00000, 0x0000000706c00000, 0x0000000706c00000|100%| O|  |TAMS 0x0000000706c00000, 0x0000000706a00000| Untracked 
|  15|0x0000000706c00000, 0x0000000706c00000, 0x0000000706e00000|  0%| F|  |TAMS 0x0000000706c00000, 0x0000000706c00000| Untracked 
|  16|0x0000000706e00000, 0x0000000706e00000, 0x0000000707000000|  0%| F|  |TAMS 0x0000000706e00000, 0x0000000706e00000| Untracked 
|  17|0x0000000707000000, 0x0000000707000000, 0x0000000707200000|  0%| F|  |TAMS 0x0000000707000000, 0x0000000707000000| Untracked 
|  18|0x0000000707200000, 0x0000000707200000, 0x0000000707400000|  0%| F|  |TAMS 0x0000000707200000, 0x0000000707200000| Untracked 
|  19|0x0000000707400000, 0x0000000707600000, 0x0000000707600000|100%| O|  |TAMS 0x0000000707600000, 0x0000000707400000| Untracked 
|  20|0x0000000707600000, 0x0000000707800000, 0x0000000707800000|100%| O|  |TAMS 0x0000000707800000, 0x0000000707600000| Untracked 
|  21|0x0000000707800000, 0x0000000707a00000, 0x0000000707a00000|100%| O|  |TAMS 0x0000000707a00000, 0x0000000707800000| Untracked 
|  22|0x0000000707a00000, 0x0000000707c00000, 0x0000000707c00000|100%| O|  |TAMS 0x0000000707c00000, 0x0000000707a00000| Untracked 
|  23|0x0000000707c00000, 0x0000000707e00000, 0x0000000707e00000|100%| O|  |TAMS 0x0000000707ce9a00, 0x0000000707c00000| Untracked 
|  24|0x0000000707e00000, 0x0000000707e00000, 0x0000000708000000|  0%| F|  |TAMS 0x0000000707e00000, 0x0000000707e00000| Untracked 
|  25|0x0000000708000000, 0x0000000708000000, 0x0000000708200000|  0%| F|  |TAMS 0x0000000708000000, 0x0000000708000000| Untracked 
|  26|0x0000000708200000, 0x0000000708200000, 0x0000000708400000|  0%| F|  |TAMS 0x0000000708200000, 0x0000000708200000| Untracked 
|  27|0x0000000708400000, 0x0000000708400000, 0x0000000708600000|  0%| F|  |TAMS 0x0000000708400000, 0x0000000708400000| Untracked 
|  28|0x0000000708600000, 0x0000000708600000, 0x0000000708800000|  0%| F|  |TAMS 0x0000000708600000, 0x0000000708600000| Untracked 
|  29|0x0000000708800000, 0x0000000708800000, 0x0000000708a00000|  0%| F|  |TAMS 0x0000000708800000, 0x0000000708800000| Untracked 
|  30|0x0000000708a00000, 0x0000000708a00000, 0x0000000708c00000|  0%| F|  |TAMS 0x0000000708a00000, 0x0000000708a00000| Untracked 
|  31|0x0000000708c00000, 0x0000000708c00000, 0x0000000708e00000|  0%| F|  |TAMS 0x0000000708c00000, 0x0000000708c00000| Untracked 
|  32|0x0000000708e00000, 0x0000000708e00000, 0x0000000709000000|  0%| F|  |TAMS 0x0000000708e00000, 0x0000000708e00000| Untracked 
|  33|0x0000000709000000, 0x0000000709000000, 0x0000000709200000|  0%| F|  |TAMS 0x0000000709000000, 0x0000000709000000| Untracked 
|  34|0x0000000709200000, 0x0000000709200000, 0x0000000709400000|  0%| F|  |TAMS 0x0000000709200000, 0x0000000709200000| Untracked 
|  35|0x0000000709400000, 0x0000000709400000, 0x0000000709600000|  0%| F|  |TAMS 0x0000000709400000, 0x0000000709400000| Untracked 
|  75|0x000000070e400000, 0x000000070e400000, 0x000000070e600000|  0%| F|  |TAMS 0x000000070e400000, 0x000000070e400000| Untracked 
|  76|0x000000070e600000, 0x000000070e600000, 0x000000070e800000|  0%| F|  |TAMS 0x000000070e600000, 0x000000070e600000| Untracked 
|  77|0x000000070e800000, 0x000000070e88ee90, 0x000000070ea00000| 27%| E|  |TAMS 0x000000070e800000, 0x000000070e800000| Complete 
|  78|0x000000070ea00000, 0x000000070ec00000, 0x000000070ec00000|100%| E|CS|TAMS 0x000000070ea00000, 0x000000070ea00000| Complete 
|  79|0x000000070ec00000, 0x000000070ee00000, 0x000000070ee00000|100%| E|CS|TAMS 0x000000070ec00000, 0x000000070ec00000| Complete 
|  80|0x000000070ee00000, 0x000000070f000000, 0x000000070f000000|100%| E|CS|TAMS 0x000000070ee00000, 0x000000070ee00000| Complete 
|  81|0x000000070f000000, 0x000000070f12d450, 0x000000070f200000| 58%| S|CS|TAMS 0x000000070f000000, 0x000000070f000000| Complete 
|  82|0x000000070f200000, 0x000000070f400000, 0x000000070f400000|100%| E|CS|TAMS 0x000000070f200000, 0x000000070f200000| Complete 
|  83|0x000000070f400000, 0x000000070f600000, 0x000000070f600000|100%| E|CS|TAMS 0x000000070f400000, 0x000000070f400000| Complete 
|  84|0x000000070f600000, 0x000000070f800000, 0x000000070f800000|100%| E|CS|TAMS 0x000000070f600000, 0x000000070f600000| Complete 
| 125|0x0000000714800000, 0x0000000714a00000, 0x0000000714a00000|100%| E|CS|TAMS 0x0000000714800000, 0x0000000714800000| Complete 
|2007|0x00000007ffc00000, 0x00000007ffe00000, 0x00000007ffe00000|100%| O|  |TAMS 0x00000007ffe00000, 0x00000007ffc00000| Untracked 
|2008|0x00000007ffe00000, 0x0000000800000000, 0x0000000800000000|100%| O|  |TAMS 0x0000000800000000, 0x00000007ffe00000| Untracked 

Card table byte_map: [0x0000020233600000,0x0000020233de0000] _byte_map_base: 0x000002022fdd9000

Marking Bits (Prev, Next): (CMBitMap*) 0x000002021be0cc80, (CMBitMap*) 0x000002021be0ccc0
 Prev Bits: [0x00000202345c0000, 0x0000020238488000)
 Next Bits: [0x0000020238490000, 0x000002023c358000)

Polling page: 0x0000020219cf0000

Metaspace:

Usage:
  Non-class:     32.99 MB used.
      Class:      4.64 MB used.
       Both:     37.63 MB used.

Virtual space:
  Non-class space:       64.00 MB reserved,      33.12 MB ( 52%) committed,  1 nodes.
      Class space:        1.00 GB reserved,       4.75 MB ( <1%) committed,  1 nodes.
             Both:        1.06 GB reserved,      37.88 MB (  3%) committed. 

Chunk freelists:
   Non-Class:  13.70 MB
       Class:  11.29 MB
        Both:  24.99 MB

MaxMetaspaceSize: unlimited
CompressedClassSpaceSize: 1.00 GB
Initial GC threshold: 21.00 MB
Current GC threshold: 58.69 MB
CDS: on
MetaspaceReclaimPolicy: balanced
 - commit_granule_bytes: 65536.
 - commit_granule_words: 8192.
 - virtual_space_node_default_size: 8388608.
 - enlarge_chunks_in_place: 1.
 - new_chunks_are_fully_committed: 0.
 - uncommit_free_chunks: 1.
 - use_allocation_guard: 0.
 - handle_deallocations: 1.


Internal statistics:

num_allocs_failed_limit: 6.
num_arena_births: 216.
num_arena_deaths: 0.
num_vsnodes_births: 2.
num_vsnodes_deaths: 0.
num_space_committed: 604.
num_space_uncommitted: 0.
num_chunks_returned_to_freelist: 6.
num_chunks_taken_from_freelist: 1590.
num_chunk_merges: 6.
num_chunk_splits: 1259.
num_chunks_enlarged: 1099.
num_inconsistent_stats: 0.

CodeHeap 'non-profiled nmethods': size=120000Kb used=1742Kb max_used=1742Kb free=118257Kb
 bounds [0x000002022b3a0000, 0x000002022b610000, 0x00000202328d0000]
CodeHeap 'profiled nmethods': size=120000Kb used=6525Kb max_used=6525Kb free=113474Kb
 bounds [0x00000202238d0000, 0x0000020223f30000, 0x000002022ae00000]
CodeHeap 'non-nmethods': size=5760Kb used=1269Kb max_used=1308Kb free=4490Kb
 bounds [0x000002022ae00000, 0x000002022b070000, 0x000002022b3a0000]
 total_blobs=3895 nmethods=3313 adapters=494
 compilation: enabled
              stopped_count=0, restarted_count=0
 full_count=0

Compilation events (20 events):
Event: 12.701 Thread 0x0000020204027dd0 nmethod 3273 0x0000020223f19d90 code [0x0000020223f19f20, 0x0000020223f1a068]
Event: 12.701 Thread 0x0000020204027dd0 3274       3       kotlin.ranges.IntProgression::<init> (57 bytes)
Event: 12.701 Thread 0x0000020204027dd0 nmethod 3274 0x0000020223f1a110 code [0x0000020223f1a2e0, 0x0000020223f1a688]
Event: 12.701 Thread 0x0000020204027dd0 3275       1       org.jetbrains.kotlin.load.java.structure.impl.classFiles.BinaryJavaMethodBase$Companion$MethodInfo::getValueParameterTypes (5 bytes)
Event: 12.701 Thread 0x0000020204027dd0 nmethod 3275 0x000002022b54e990 code [0x000002022b54eb20, 0x000002022b54ebf8]
Event: 12.701 Thread 0x0000020204027dd0 3276       3       java.util.LinkedHashSet::<init> (9 bytes)
Event: 12.701 Thread 0x0000020204027dd0 nmethod 3276 0x0000020223f1a810 code [0x0000020223f1a9e0, 0x0000020223f1ab28]
Event: 12.701 Thread 0x0000020204027dd0 3277       1       org.jetbrains.kotlin.load.java.structure.impl.classFiles.BinaryJavaMethodBase$Companion$MethodInfo::getTypeParameters (5 bytes)
Event: 12.701 Thread 0x0000020204027dd0 nmethod 3277 0x000002022b54ec90 code [0x000002022b54ee20, 0x000002022b54eef8]
Event: 12.701 Thread 0x0000020204027dd0 3279       3       org.jetbrains.kotlin.it.unimi.dsi.fastutil.objects.ObjectOpenHashSet::addOrGet (137 bytes)
Event: 12.702 Thread 0x0000020204027dd0 nmethod 3279 0x0000020223f1ac10 code [0x0000020223f1ae40, 0x0000020223f1b7e8]
Event: 12.702 Thread 0x0000020204027dd0 3281       3       org.jetbrains.kotlin.utils.addToStdlib.AddToStdlibKt::flattenTo (50 bytes)
Event: 12.702 Thread 0x0000020204027dd0 nmethod 3281 0x0000020223f1bb10 code [0x0000020223f1bde0, 0x0000020223f1cc58]
Event: 12.702 Thread 0x0000020204027dd0 3280       3       kotlin.collections.CollectionsKt___CollectionsKt::reversed (42 bytes)
Event: 12.703 Thread 0x0000020204027dd0 nmethod 3280 0x0000020223f1d110 code [0x0000020223f1d400, 0x0000020223f1e298]
Event: 12.716 Thread 0x0000020204027dd0 3282       3       org.jetbrains.kotlin.load.java.structure.impl.classFiles.BinaryJavaModifierListOwner::isSet (11 bytes)
Event: 12.716 Thread 0x0000020204027dd0 nmethod 3282 0x0000020223f1e710 code [0x0000020223f1e8c0, 0x0000020223f1eb48]
Event: 12.731 Thread 0x0000020204027dd0 3283       1       org.jetbrains.kotlin.load.java.lazy.JavaResolverComponents::getStorageManager (5 bytes)
Event: 12.731 Thread 0x0000020204027dd0 nmethod 3283 0x000002022b54ef90 code [0x000002022b54f120, 0x000002022b54f1f8]
Event: 12.737 Thread 0x0000020204027dd0 3285       3       org.jetbrains.kotlin.cli.jvm.compiler.NoScopeRecordCliBindingTrace::record (35 bytes)

GC Heap History (14 events):
Event: 1.336 GC heap before
{Heap before GC invocations=0 (full 0):
 garbage-first heap   total 258048K, used 24576K [0x0000000704e00000, 0x0000000800000000)
  region size 2048K, 11 young (22528K), 0 survivors (0K)
 Metaspace       used 6484K, committed 6656K, reserved 1114112K
  class space    used 649K, committed 704K, reserved 1048576K
}
Event: 1.341 GC heap after
{Heap after GC invocations=1 (full 0):
 garbage-first heap   total 258048K, used 7410K [0x0000000704e00000, 0x0000000800000000)
  region size 2048K, 2 young (4096K), 2 survivors (4096K)
 Metaspace       used 6484K, committed 6656K, reserved 1114112K
  class space    used 649K, committed 704K, reserved 1048576K
}
Event: 2.732 GC heap before
{Heap before GC invocations=1 (full 0):
 garbage-first heap   total 258048K, used 42226K [0x0000000704e00000, 0x0000000800000000)
  region size 2048K, 19 young (38912K), 2 survivors (4096K)
 Metaspace       used 16013K, committed 16256K, reserved 1114112K
  class space    used 1810K, committed 1920K, reserved 1048576K
}
Event: 2.737 GC heap after
{Heap after GC invocations=2 (full 0):
 garbage-first heap   total 258048K, used 8829K [0x0000000704e00000, 0x0000000800000000)
  region size 2048K, 3 young (6144K), 3 survivors (6144K)
 Metaspace       used 16013K, committed 16256K, reserved 1114112K
  class space    used 1810K, committed 1920K, reserved 1048576K
}
Event: 7.433 GC heap before
{Heap before GC invocations=2 (full 0):
 garbage-first heap   total 258048K, used 92797K [0x0000000704e00000, 0x0000000800000000)
  region size 2048K, 41 young (83968K), 3 survivors (6144K)
 Metaspace       used 21266K, committed 21504K, reserved 1114112K
  class space    used 2711K, committed 2816K, reserved 1048576K
}
Event: 7.455 GC heap after
{Heap after GC invocations=3 (full 0):
 garbage-first heap   total 258048K, used 25100K [0x0000000704e00000, 0x0000000800000000)
  region size 2048K, 10 young (20480K), 10 survivors (20480K)
 Metaspace       used 21266K, committed 21504K, reserved 1114112K
  class space    used 2711K, committed 2816K, reserved 1048576K
}
Event: 8.997 GC heap before
{Heap before GC invocations=4 (full 0):
 garbage-first heap   total 96256K, used 70156K [0x0000000704e00000, 0x0000000800000000)
  region size 2048K, 28 young (57344K), 10 survivors (20480K)
 Metaspace       used 27906K, committed 28160K, reserved 1114112K
  class space    used 3639K, committed 3776K, reserved 1048576K
}
Event: 9.028 GC heap after
{Heap after GC invocations=5 (full 0):
 garbage-first heap   total 100352K, used 41334K [0x0000000704e00000, 0x0000000800000000)
  region size 2048K, 4 young (8192K), 4 survivors (8192K)
 Metaspace       used 27906K, committed 28160K, reserved 1114112K
  class space    used 3639K, committed 3776K, reserved 1048576K
}
Event: 9.095 GC heap before
{Heap before GC invocations=5 (full 0):
 garbage-first heap   total 100352K, used 43382K [0x0000000704e00000, 0x0000000800000000)
  region size 2048K, 5 young (10240K), 4 survivors (8192K)
 Metaspace       used 28252K, committed 28480K, reserved 1114112K
  class space    used 3685K, committed 3776K, reserved 1048576K
}
Event: 9.099 GC heap after
{Heap after GC invocations=6 (full 0):
 garbage-first heap   total 100352K, used 43256K [0x0000000704e00000, 0x0000000800000000)
  region size 2048K, 1 young (2048K), 1 survivors (2048K)
 Metaspace       used 28252K, committed 28480K, reserved 1114112K
  class space    used 3685K, committed 3776K, reserved 1048576K
}
Event: 10.917 GC heap before
{Heap before GC invocations=6 (full 0):
 garbage-first heap   total 100352K, used 69880K [0x0000000704e00000, 0x0000000800000000)
  region size 2048K, 15 young (30720K), 1 survivors (2048K)
 Metaspace       used 34116K, committed 34368K, reserved 1114112K
  class space    used 4231K, committed 4352K, reserved 1048576K
}
Event: 10.922 GC heap after
{Heap after GC invocations=7 (full 0):
 garbage-first heap   total 100352K, used 44701K [0x0000000704e00000, 0x0000000800000000)
  region size 2048K, 2 young (4096K), 2 survivors (4096K)
 Metaspace       used 34116K, committed 34368K, reserved 1114112K
  class space    used 4231K, committed 4352K, reserved 1048576K
}
Event: 11.262 GC heap before
{Heap before GC invocations=7 (full 0):
 garbage-first heap   total 100352K, used 50845K [0x0000000704e00000, 0x0000000800000000)
  region size 2048K, 6 young (12288K), 2 survivors (4096K)
 Metaspace       used 35740K, committed 35968K, reserved 1114112K
  class space    used 4390K, committed 4480K, reserved 1048576K
}
Event: 11.268 GC heap after
{Heap after GC invocations=8 (full 0):
 garbage-first heap   total 100352K, used 45955K [0x0000000704e00000, 0x0000000800000000)
  region size 2048K, 1 young (2048K), 1 survivors (2048K)
 Metaspace       used 35740K, committed 35968K, reserved 1114112K
  class space    used 4390K, committed 4480K, reserved 1048576K
}

Dll operation events (7 events):
Event: 0.016 Loaded shared library C:\Program Files\Eclipse Adoptium\jdk-17.0.14.7-hotspot\bin\java.dll
Event: 0.085 Loaded shared library C:\Program Files\Eclipse Adoptium\jdk-17.0.14.7-hotspot\bin\jsvml.dll
Event: 0.166 Loaded shared library C:\Program Files\Eclipse Adoptium\jdk-17.0.14.7-hotspot\bin\net.dll
Event: 0.172 Loaded shared library C:\Program Files\Eclipse Adoptium\jdk-17.0.14.7-hotspot\bin\nio.dll
Event: 0.229 Loaded shared library C:\Program Files\Eclipse Adoptium\jdk-17.0.14.7-hotspot\bin\zip.dll
Event: 0.279 Loaded shared library C:\Program Files\Eclipse Adoptium\jdk-17.0.14.7-hotspot\bin\jimage.dll
Event: 3.239 Loaded shared library C:\Program Files\Eclipse Adoptium\jdk-17.0.14.7-hotspot\bin\verify.dll

Deoptimization events (20 events):
Event: 12.564 Thread 0x000002021bd9d260 Uncommon trap: trap_request=0xffffffcc fr.pc=0x000002022b53ca78 relative=0x0000000000000358
Event: 12.564 Thread 0x000002021bd9d260 Uncommon trap: reason=intrinsic_or_type_checked_inlining action=make_not_entrant pc=0x000002022b53ca78 method=java.util.ArrayList.toArray([Ljava/lang/Object;)[Ljava/lang/Object; @ 36 c2
Event: 12.564 Thread 0x000002021bd9d260 DEOPT PACKING pc=0x000002022b53ca78 sp=0x000000ef967fb5e0
Event: 12.564 Thread 0x000002021bd9d260 DEOPT UNPACKING pc=0x000002022ae569a3 sp=0x000000ef967fb5c0 mode 2
Event: 12.608 Thread 0x000002021bd9d260 Uncommon trap: trap_request=0xffffffde fr.pc=0x000002022b4fb138 relative=0x0000000000000178
Event: 12.608 Thread 0x000002021bd9d260 Uncommon trap: reason=class_check action=maybe_recompile pc=0x000002022b4fb138 method=java.lang.Character.codePointAt(Ljava/lang/CharSequence;I)I @ 2 c2
Event: 12.608 Thread 0x000002021bd9d260 DEOPT PACKING pc=0x000002022b4fb138 sp=0x000000ef967fcf10
Event: 12.608 Thread 0x000002021bd9d260 DEOPT UNPACKING pc=0x000002022ae569a3 sp=0x000000ef967fcec8 mode 2
Event: 12.608 Thread 0x000002021bd9d260 Uncommon trap: trap_request=0xffffffde fr.pc=0x000002022b4fb138 relative=0x0000000000000178
Event: 12.608 Thread 0x000002021bd9d260 Uncommon trap: reason=class_check action=maybe_recompile pc=0x000002022b4fb138 method=java.lang.Character.codePointAt(Ljava/lang/CharSequence;I)I @ 2 c2
Event: 12.608 Thread 0x000002021bd9d260 DEOPT PACKING pc=0x000002022b4fb138 sp=0x000000ef967fcf10
Event: 12.608 Thread 0x000002021bd9d260 DEOPT UNPACKING pc=0x000002022ae569a3 sp=0x000000ef967fcec8 mode 2
Event: 12.608 Thread 0x000002021bd9d260 Uncommon trap: trap_request=0xffffffde fr.pc=0x000002022b4fb138 relative=0x0000000000000178
Event: 12.608 Thread 0x000002021bd9d260 Uncommon trap: reason=class_check action=maybe_recompile pc=0x000002022b4fb138 method=java.lang.Character.codePointAt(Ljava/lang/CharSequence;I)I @ 2 c2
Event: 12.608 Thread 0x000002021bd9d260 DEOPT PACKING pc=0x000002022b4fb138 sp=0x000000ef967fcf10
Event: 12.608 Thread 0x000002021bd9d260 DEOPT UNPACKING pc=0x000002022ae569a3 sp=0x000000ef967fcec8 mode 2
Event: 12.608 Thread 0x000002021bd9d260 Uncommon trap: trap_request=0xffffffde fr.pc=0x000002022b4fb138 relative=0x0000000000000178
Event: 12.608 Thread 0x000002021bd9d260 Uncommon trap: reason=class_check action=maybe_recompile pc=0x000002022b4fb138 method=java.lang.Character.codePointAt(Ljava/lang/CharSequence;I)I @ 2 c2
Event: 12.608 Thread 0x000002021bd9d260 DEOPT PACKING pc=0x000002022b4fb138 sp=0x000000ef967fcf10
Event: 12.608 Thread 0x000002021bd9d260 DEOPT UNPACKING pc=0x000002022ae569a3 sp=0x000000ef967fcec8 mode 2

Classes loaded (20 events):
Event: 12.385 Loading class java/lang/Override
Event: 12.385 Loading class java/lang/Override done
Event: 12.478 Loading class java/util/AbstractList$ListItr
Event: 12.478 Loading class java/util/AbstractList$ListItr done
Event: 12.518 Loading class java/util/ArrayList$SubList$1
Event: 12.519 Loading class java/util/ArrayList$SubList$1 done
Event: 12.540 Loading class java/util/stream/IntPipeline$1
Event: 12.540 Loading class java/util/stream/IntPipeline$1 done
Event: 12.541 Loading class java/util/stream/IntPipeline$1$1
Event: 12.541 Loading class java/util/stream/IntPipeline$1$1 done
Event: 12.566 Loading class java/util/AbstractList$RandomAccessSubList
Event: 12.566 Loading class java/util/AbstractList$SubList
Event: 12.566 Loading class java/util/AbstractList$SubList done
Event: 12.566 Loading class java/util/AbstractList$RandomAccessSubList done
Event: 12.566 Loading class java/util/AbstractList$SubList$1
Event: 12.566 Loading class java/util/AbstractList$SubList$1 done
Event: 12.663 Loading class java/text/StringCharacterIterator
Event: 12.663 Loading class java/text/CharacterIterator
Event: 12.664 Loading class java/text/CharacterIterator done
Event: 12.664 Loading class java/text/StringCharacterIterator done

Classes unloaded (0 events):
No events

Classes redefined (0 events):
No events

Internal exceptions (20 events):
Event: 2.846 Thread 0x000002021bd9d260 Exception <a 'java/lang/NoSuchMethodError'{0x00000007146a1f78}: 'void java.lang.invoke.DirectMethodHandle$Holder.invokeVirtual(java.lang.Object, java.lang.Object)'> (0x00000007146a1f78) 
thrown [s\src\hotspot\share\interpreter\linkResolver.cpp, line 759]
Event: 2.968 Thread 0x000002021bd9d260 Exception <a 'java/lang/NoSuchMethodError'{0x0000000714556240}: 'java.lang.Object java.lang.invoke.Invokers$Holder.invokeExact_MT(java.lang.Object, java.lang.Object, java.lang.Object, java.lang.Object, java.lang.Object, java.lang.Object)'> (0x0000000714556240) 
thrown [s\src\hotspot\share\interpreter\linkResolver.cpp, line 759]
Event: 3.333 Thread 0x000002021bd9d260 Exception <a 'java/lang/NoSuchMethodError'{0x0000000713e734a8}: 'java.lang.Object java.lang.invoke.Invokers$Holder.invoke_MT(java.lang.Object, java.lang.Object, java.lang.Object)'> (0x0000000713e734a8) 
thrown [s\src\hotspot\share\interpreter\linkResolver.cpp, line 759]
Event: 7.818 Thread 0x000002021bd9d260 Implicit null exception at 0x000002022b3c71f2 to 0x000002022b3c77d8
Event: 8.069 Thread 0x000002021bd9d260 Implicit null exception at 0x000002022b3ccff2 to 0x000002022b3cd5ec
Event: 8.151 Thread 0x000002021bd9d260 Exception <a 'java/lang/NoSuchMethodError'{0x0000000708730b58}: 'java.lang.Object java.lang.invoke.DirectMethodHandle$Holder.invokeStatic(java.lang.Object, java.lang.Object, int)'> (0x0000000708730b58) 
thrown [s\src\hotspot\share\interpreter\linkResolver.cpp, line 759]
Event: 8.168 Thread 0x000002021bd9d260 Exception <a 'java/lang/NoSuchMethodError'{0x00000007087cc678}: 'java.lang.Object java.lang.invoke.DirectMethodHandle$Holder.newInvokeSpecial(java.lang.Object, java.lang.Object, int)'> (0x00000007087cc678) 
thrown [s\src\hotspot\share\interpreter\linkResolver.cpp, line 759]
Event: 8.176 Thread 0x000002021bd9d260 Exception <a 'java/lang/NoSuchMethodError'{0x00000007087e81a8}: 'java.lang.Object java.lang.invoke.DirectMethodHandle$Holder.invokeVirtual(java.lang.Object, java.lang.Object, java.lang.Object)'> (0x00000007087e81a8) 
thrown [s\src\hotspot\share\interpreter\linkResolver.cpp, line 759]
Event: 9.766 Thread 0x000002021bd9d260 Exception <a 'java/lang/NoSuchMethodError'{0x0000000709383d90}: 'java.lang.Object java.lang.invoke.DirectMethodHandle$Holder.newInvokeSpecial(java.lang.Object, java.lang.Object, java.lang.Object, java.lang.Object, java.lang.Object, java.lang.Object, java.lang.Object)'> (0x0000000709383d90) 
thrown [s\src\hotspot\share\interpreter\linkResolver.cpp, line 759]
Event: 9.766 Thread 0x000002021bd9d260 Exception <a 'java/lang/NoSuchMethodError'{0x00000007093886a0}: 'java.lang.Object java.lang.invoke.Invokers$Holder.linkToTargetMethod(java.lang.Object, java.lang.Object, java.lang.Object, java.lang.Object, java.lang.Object, java.lang.Object, java.lang.Object)'> (0x00000007093886a0) 
thrown [s\src\hotspot\share\interpreter\linkResolver.cpp, line 759]
Event: 11.198 Thread 0x000002021bd9d260 Exception <a 'java/lang/NoSuchMethodError'{0x000000070f5d8d40}: 'java.lang.Object java.lang.invoke.DirectMethodHandle$Holder.newInvokeSpecial(java.lang.Object, java.lang.Object, java.lang.Object, int)'> (0x000000070f5d8d40) 
thrown [s\src\hotspot\share\interpreter\linkResolver.cpp, line 759]
Event: 11.198 Thread 0x000002021bd9d260 Exception <a 'java/lang/NoSuchMethodError'{0x000000070f5dd3c8}: 'java.lang.Object java.lang.invoke.DirectMethodHandle$Holder.invokeSpecial(java.lang.Object, java.lang.Object, java.lang.Object, java.lang.Object, int)'> (0x000000070f5dd3c8) 
thrown [s\src\hotspot\share\interpreter\linkResolver.cpp, line 759]
Event: 11.199 Thread 0x000002021bd9d260 Exception <a 'java/lang/NoSuchMethodError'{0x000000070f5e1238}: 'java.lang.Object java.lang.invoke.Invokers$Holder.linkToTargetMethod(java.lang.Object, java.lang.Object, int, java.lang.Object)'> (0x000000070f5e1238) 
thrown [s\src\hotspot\share\interpreter\linkResolver.cpp, line 759]
Event: 11.251 Thread 0x000002021bd9d260 Exception <a 'java/lang/NoSuchMethodError'{0x000000070f341ea8}: 'int java.lang.invoke.DirectMethodHandle$Holder.invokeVirtual(java.lang.Object, java.lang.Object)'> (0x000000070f341ea8) 
thrown [s\src\hotspot\share\interpreter\linkResolver.cpp, line 759]
Event: 12.355 Thread 0x000002021bd9d260 Exception <a 'java/lang/NoSuchMethodError'{0x000000070f670f88}: 'java.lang.Object java.lang.invoke.DirectMethodHandle$Holder.newInvokeSpecial(java.lang.Object, java.lang.Object, java.lang.Object, java.lang.Object, java.lang.Object, java.lang.Object, java.lang.Object, java.lang.Object)'> (0x000000070f670f88) 
thrown [s\src\hotspot\share\interpreter\linkResolver.cpp, line 759]
Event: 12.356 Thread 0x000002021bd9d260 Exception <a 'java/lang/NoSuchMethodError'{0x000000070f676af0}: 'java.lang.Object java.lang.invoke.DirectMethodHandle$Holder.invokeSpecial(java.lang.Object, java.lang.Object, java.lang.Object, java.lang.Object, java.lang.Object, java.lang.Object, java.lang.Object, java.lang.Object, java.lang.Object)'> (0x000000070f676af0) 
thrown [s\src\hotspot\share\interpreter\linkResolver.cpp, line 759]
Event: 12.358 Thread 0x000002021bd9d260 Exception <a 'java/lang/NoSuchMethodError'{0x000000070f67bf70}: 'java.lang.Object java.lang.invoke.Invokers$Holder.linkToTargetMethod(java.lang.Object, java.lang.Object, java.lang.Object, java.lang.Object, java.lang.Object, java.lang.Object, java.lang.Object, java.lang.Object)'> (0x000000070f67bf70) 
thrown [s\src\hotspot\share\interpreter\linkResolver.cpp, line 759]
Event: 12.639 Thread 0x000002021bd9d260 Exception <a 'java/lang/NoSuchMethodError'{0x000000070ed62868}: 'java.lang.Object java.lang.invoke.DirectMethodHandle$Holder.newInvokeSpecial(java.lang.Object, java.lang.Object, java.lang.Object, java.lang.Object, int)'> (0x000000070ed62868) 
thrown [s\src\hotspot\share\interpreter\linkResolver.cpp, line 759]
Event: 12.639 Thread 0x000002021bd9d260 Exception <a 'java/lang/NoSuchMethodError'{0x000000070ed67398}: 'java.lang.Object java.lang.invoke.DirectMethodHandle$Holder.invokeSpecial(java.lang.Object, java.lang.Object, java.lang.Object, java.lang.Object, java.lang.Object, int)'> (0x000000070ed67398) 
thrown [s\src\hotspot\share\interpreter\linkResolver.cpp, line 759]
Event: 12.639 Thread 0x000002021bd9d260 Exception <a 'java/lang/NoSuchMethodError'{0x000000070ed6b878}: 'java.lang.Object java.lang.invoke.Invokers$Holder.linkToTargetMethod(java.lang.Object, java.lang.Object, java.lang.Object, int, java.lang.Object)'> (0x000000070ed6b878) 
thrown [s\src\hotspot\share\interpreter\linkResolver.cpp, line 759]

VM Operations (20 events):
Event: 11.296 Executing VM operation: G1PauseRemark done
Event: 11.304 Executing VM operation: G1PauseCleanup
Event: 11.304 Executing VM operation: G1PauseCleanup done
Event: 12.306 Executing VM operation: Cleanup
Event: 12.306 Executing VM operation: Cleanup done
Event: 12.382 Executing VM operation: HandshakeAllThreads
Event: 12.382 Executing VM operation: HandshakeAllThreads done
Event: 12.383 Executing VM operation: HandshakeAllThreads
Event: 12.383 Executing VM operation: HandshakeAllThreads done
Event: 12.384 Executing VM operation: HandshakeAllThreads
Event: 12.384 Executing VM operation: HandshakeAllThreads done
Event: 12.419 Executing VM operation: HandshakeAllThreads
Event: 12.419 Executing VM operation: HandshakeAllThreads done
Event: 12.478 Executing VM operation: HandshakeAllThreads
Event: 12.478 Executing VM operation: HandshakeAllThreads done
Event: 12.609 Executing VM operation: HandshakeAllThreads
Event: 12.610 Executing VM operation: HandshakeAllThreads done
Event: 12.662 Executing VM operation: HandshakeAllThreads
Event: 12.662 Executing VM operation: HandshakeAllThreads done
Event: 13.674 Executing VM operation: Cleanup

Memory protections (0 events):
No events

Nmethod flushes (0 events):
No events

Events (20 events):
Event: 0.115 Thread 0x000002021bd9d260 Thread added: 0x00000202040206a0
Event: 0.116 Thread 0x000002021bd9d260 Thread added: 0x0000020204020f70
Event: 0.116 Thread 0x000002021bd9d260 Thread added: 0x0000020204025850
Event: 0.116 Thread 0x000002021bd9d260 Thread added: 0x0000020204026120
Event: 0.116 Thread 0x000002021bd9d260 Thread added: 0x0000020204026d20
Event: 0.116 Thread 0x000002021bd9d260 Thread added: 0x0000020204027dd0
Event: 0.116 Thread 0x000002021bd9d260 Thread added: 0x00000202040286e0
Event: 0.159 Thread 0x000002021bd9d260 Thread added: 0x000002020418c230
Event: 0.161 Thread 0x000002021bd9d260 Thread added: 0x000002020418f590
Event: 0.207 Thread 0x0000020204026d20 Thread added: 0x00000202041ceb10
Event: 0.798 Thread 0x00000202041ceb10 Thread exited: 0x00000202041ceb10
Event: 3.447 Thread 0x0000020204027dd0 Thread added: 0x00000202059e07e0
Event: 3.468 Thread 0x0000020204027dd0 Thread added: 0x0000020204cedcb0
Event: 7.471 Thread 0x0000020204cedcb0 Thread exited: 0x0000020204cedcb0
Event: 8.320 Thread 0x0000020204027dd0 Thread added: 0x0000020205115fd0
Event: 8.663 Thread 0x0000020205115fd0 Thread exited: 0x0000020205115fd0
Event: 9.029 Thread 0x00000202059e07e0 Thread exited: 0x00000202059e07e0
Event: 9.586 Thread 0x0000020204027dd0 Thread added: 0x0000020205117510
Event: 11.003 Thread 0x0000020205117510 Thread added: 0x0000020205117a60
Event: 11.339 Thread 0x0000020205117a60 Thread exited: 0x0000020205117a60


Dynamic libraries:
0x00007ff60d2c0000 - 0x00007ff60d2ce000 	C:\Program Files\Eclipse Adoptium\jdk-17.0.14.7-hotspot\bin\java.exe
0x00007ffe86640000 - 0x00007ffe868a7000 	C:\WINDOWS\SYSTEM32\ntdll.dll
0x00007ffe84490000 - 0x00007ffe84559000 	C:\WINDOWS\System32\KERNEL32.DLL
0x00007ffe83bf0000 - 0x00007ffe83fdf000 	C:\WINDOWS\System32\KERNELBASE.dll
0x00007ffe83ff0000 - 0x00007ffe8413b000 	C:\WINDOWS\System32\ucrtbase.dll
0x00007ffe59ce0000 - 0x00007ffe59cf7000 	C:\Program Files\Eclipse Adoptium\jdk-17.0.14.7-hotspot\bin\jli.dll
0x00007ffe6d480000 - 0x00007ffe6d49e000 	C:\Program Files\Eclipse Adoptium\jdk-17.0.14.7-hotspot\bin\VCRUNTIME140.dll
0x00007ffe84de0000 - 0x00007ffe84fa5000 	C:\WINDOWS\System32\USER32.dll
0x00007ffe83a40000 - 0x00007ffe83a67000 	C:\WINDOWS\System32\win32u.dll
0x00007ffe60980000 - 0x00007ffe60c13000 	C:\WINDOWS\WinSxS\amd64_microsoft.windows.common-controls_6595b64144ccf1df_6.0.26100.7309_none_3e05feeae336a044\COMCTL32.dll
0x00007ffe85660000 - 0x00007ffe8568b000 	C:\WINDOWS\System32\GDI32.dll
0x00007ffe86520000 - 0x00007ffe865c9000 	C:\WINDOWS\System32\msvcrt.dll
0x00007ffe841f0000 - 0x00007ffe8431c000 	C:\WINDOWS\System32\gdi32full.dll
0x00007ffe83900000 - 0x00007ffe839a3000 	C:\WINDOWS\System32\msvcp_win.dll
0x00007ffe85d60000 - 0x00007ffe85d91000 	C:\WINDOWS\System32\IMM32.DLL
0x00007ffe60030000 - 0x00007ffe6003c000 	C:\Program Files\Eclipse Adoptium\jdk-17.0.14.7-hotspot\bin\vcruntime140_1.dll
0x00007ffe3bf80000 - 0x00007ffe3c00d000 	C:\Program Files\Eclipse Adoptium\jdk-17.0.14.7-hotspot\bin\msvcp140.dll
0x00007ffdcc600000 - 0x00007ffdcd26b000 	C:\Program Files\Eclipse Adoptium\jdk-17.0.14.7-hotspot\bin\server\jvm.dll
0x00007ffe861b0000 - 0x00007ffe86264000 	C:\WINDOWS\System32\ADVAPI32.dll
0x00007ffe85da0000 - 0x00007ffe85e46000 	C:\WINDOWS\System32\sechost.dll
0x00007ffe84cc0000 - 0x00007ffe84dd8000 	C:\WINDOWS\System32\RPCRT4.dll
0x00007ffe85770000 - 0x00007ffe857e4000 	C:\WINDOWS\System32\WS2_32.dll
0x00007ffe835f0000 - 0x00007ffe8364e000 	C:\WINDOWS\SYSTEM32\POWRPROF.dll
0x00007ffe7d0d0000 - 0x00007ffe7d105000 	C:\WINDOWS\SYSTEM32\WINMM.dll
0x00007ffe72900000 - 0x00007ffe7290b000 	C:\WINDOWS\SYSTEM32\VERSION.dll
0x00007ffe83520000 - 0x00007ffe83534000 	C:\WINDOWS\SYSTEM32\UMPDC.dll
0x00007ffe82500000 - 0x00007ffe8251b000 	C:\WINDOWS\SYSTEM32\kernel.appcore.dll
0x00007ffe5fc70000 - 0x00007ffe5fc7a000 	C:\Program Files\Eclipse Adoptium\jdk-17.0.14.7-hotspot\bin\jimage.dll
0x00007ffe80a90000 - 0x00007ffe80cd2000 	C:\WINDOWS\SYSTEM32\DBGHELP.DLL
0x00007ffe859d0000 - 0x00007ffe85d55000 	C:\WINDOWS\System32\combase.dll
0x00007ffe85690000 - 0x00007ffe85766000 	C:\WINDOWS\System32\OLEAUT32.dll
0x00007ffe702c0000 - 0x00007ffe702fc000 	C:\WINDOWS\SYSTEM32\dbgcore.DLL
0x00007ffe84140000 - 0x00007ffe841e5000 	C:\WINDOWS\System32\bcryptPrimitives.dll
0x00007ffe57e40000 - 0x00007ffe57e65000 	C:\Program Files\Eclipse Adoptium\jdk-17.0.14.7-hotspot\bin\java.dll
0x00007ffe2c9a0000 - 0x00007ffe2ca77000 	C:\Program Files\Eclipse Adoptium\jdk-17.0.14.7-hotspot\bin\jsvml.dll
0x00007ffe84560000 - 0x00007ffe84cb3000 	C:\WINDOWS\System32\SHELL32.dll
0x00007ffe83790000 - 0x00007ffe838fa000 	C:\WINDOWS\System32\wintypes.dll
0x00007ffe81150000 - 0x00007ffe819ae000 	C:\WINDOWS\SYSTEM32\windows.storage.dll
0x00007ffe85440000 - 0x00007ffe85535000 	C:\WINDOWS\System32\SHCORE.dll
0x00007ffe855f0000 - 0x00007ffe85656000 	C:\WINDOWS\System32\shlwapi.dll
0x00007ffe836b0000 - 0x00007ffe836d9000 	C:\WINDOWS\SYSTEM32\profapi.dll
0x00007ffe595b0000 - 0x00007ffe595c9000 	C:\Program Files\Eclipse Adoptium\jdk-17.0.14.7-hotspot\bin\net.dll
0x00007ffe72510000 - 0x00007ffe72638000 	C:\WINDOWS\SYSTEM32\WINHTTP.dll
0x00007ffe82a50000 - 0x00007ffe82abb000 	C:\WINDOWS\system32\mswsock.dll
0x00007ffe57160000 - 0x00007ffe57176000 	C:\Program Files\Eclipse Adoptium\jdk-17.0.14.7-hotspot\bin\nio.dll
0x00007ffe57140000 - 0x00007ffe57158000 	C:\Program Files\Eclipse Adoptium\jdk-17.0.14.7-hotspot\bin\zip.dll
0x00007ffe5f2e0000 - 0x00007ffe5f2f0000 	C:\Program Files\Eclipse Adoptium\jdk-17.0.14.7-hotspot\bin\verify.dll

dbghelp: loaded successfully - version: 4.0.5 - missing functions: none
symbol engine: initialized successfully - sym options: 0x614 - pdb path: .;C:\Program Files\Eclipse Adoptium\jdk-17.0.14.7-hotspot\bin;C:\WINDOWS\SYSTEM32;C:\WINDOWS\WinSxS\amd64_microsoft.windows.common-controls_6595b64144ccf1df_6.0.26100.7309_none_3e05feeae336a044;C:\Program Files\Eclipse Adoptium\jdk-17.0.14.7-hotspot\bin\server

VM Arguments:
java_command: org.jetbrains.kotlin.cli.jvm.K2JVMCompiler @C:\src\flutter\packages\flutter_tools\gradle\build\20251230_4849975701091230167.compiler.options
java_class_path (initial): C:\Users\v.insalaca\.gradle\caches\modules-2\files-2.1\org.jetbrains.kotlin\kotlin-compiler-embeddable\2.0.21\79346ed53db48b18312a472602eb5c057070c54d\kotlin-compiler-embeddable-2.0.21.jar;C:\Users\v.insalaca\.gradle\caches\modules-2\files-2.1\org.jetbrains.kotlin\kotlin-stdlib\2.0.21\618b539767b4899b4660a83006e052b63f1db551\kotlin-stdlib-2.0.21.jar;C:\Users\v.insalaca\.gradle\caches\modules-2\files-2.1\org.jetbrains.kotlin\kotlin-script-runtime\2.0.21\c9b044380ad41f89aa89aa896c2d32a8c0b2129d\kotlin-script-runtime-2.0.21.jar;C:\Users\v.insalaca\.gradle\caches\modules-2\files-2.1\org.jetbrains.kotlin\kotlin-reflect\1.6.10\1cbe9c92c12a94eea200d23c2bbaedaf3daf5132\kotlin-reflect-1.6.10.jar;C:\Users\v.insalaca\.gradle\caches\modules-2\files-2.1\org.jetbrains.kotlin\kotlin-daemon-embeddable\2.0.21\c9e933b23287de9b5a17e2116b4657bb91aea72c\kotlin-daemon-embeddable-2.0.21.jar;C:\Users\v.insalaca\.gradle\caches\modules-2\files-2.1\org.jetbrains.intellij.deps\trove4j\1.0.20200330\3afb14d5f9ceb459d724e907a21145e8ff394f02\trove4j-1.0.20200330.jar;C:\Users\v.insalaca\.gradle\caches\modules-2\files-2.1\org.jetbrains.kotlinx\kotlinx-coroutines-core-jvm\1.6.4\2c997cd1c0ef33f3e751d3831929aeff1390cb30\kotlinx-coroutines-core-jvm-1.6.4.jar;C:\Users\v.insalaca\.gradle\caches\modules-2\files-2.1\org.jetbrains\annotations\13.0\919f0dfe192fb4e063e7dacadee7f8bb9a2672a9\annotations-13.0.jar
Launcher Type: SUN_STANDARD

[Global flags]
     intx CICompilerCount                          = 4                                         {product} {ergonomic}
     uint ConcGCThreads                            = 3                                         {product} {ergonomic}
     uint G1ConcRefinementThreads                  = 10                                        {product} {ergonomic}
   size_t G1HeapRegionSize                         = 2097152                                   {product} {ergonomic}
    uintx GCDrainStackTargetSize                   = 64                                        {product} {ergonomic}
   size_t InitialHeapSize                          = 264241152                                 {product} {ergonomic}
   size_t MarkStackSize                            = 4194304                                   {product} {ergonomic}
   size_t MaxHeapSize                              = 4213178368                                {product} {ergonomic}
   size_t MaxNewSize                               = 2527068160                                {product} {ergonomic}
   size_t MinHeapDeltaBytes                        = 2097152                                   {product} {ergonomic}
   size_t MinHeapSize                              = 8388608                                   {product} {ergonomic}
    uintx NonNMethodCodeHeapSize                   = 5839372                                {pd product} {ergonomic}
    uintx NonProfiledCodeHeapSize                  = 122909434                              {pd product} {ergonomic}
    uintx ProfiledCodeHeapSize                     = 122909434                              {pd product} {ergonomic}
    uintx ReservedCodeCacheSize                    = 251658240                              {pd product} {ergonomic}
     bool SegmentedCodeCache                       = true                                      {product} {ergonomic}
   size_t SoftMaxHeapSize                          = 4213178368                             {manageable} {ergonomic}
     bool UseCompressedClassPointers               = true                           {product lp64_product} {ergonomic}
     bool UseCompressedOops                        = true                           {product lp64_product} {ergonomic}
     bool UseG1GC                                  = true                                      {product} {ergonomic}
     bool UseLargePagesIndividualAllocation        = false                                  {pd product} {ergonomic}

Logging:
Log output configuration:
 #0: stdout all=warning uptime,level,tags
 #1: stderr all=off uptime,level,tags

Environment Variables:
JAVA_HOME=C:\Program Files\Eclipse Adoptium\jdk-17.0.14.7-hotspot
CLASSPATH=C:\DEV\meteo\android\\gradle\wrapper\gradle-wrapper.jar
PATH=C:\Program Files\Eclipse Adoptium\jdk-17.0.14.7-hotspot\bin;C:\Program Files\Eclipse Adoptium\jdk-17.0.14.7-hotspot\bin;C:\Program Files\Common Files\Oracle\Java\javapath;C:\WINDOWS\system32;C:\WINDOWS;C:\WINDOWS\System32\Wbem;C:\WINDOWS\System32\WindowsPowerShell\v1.0\;C:\WINDOWS\System32\OpenSSH\;C:\Program Files\dotnet\;C:\Users\v.insalaca\AppData\Roaming\nvm;C:\Program Files\nodejs;C:\Program Files (x86)\Microsoft SQL Server\160\DTS\Binn\;C:\Program Files\Azure Data Studio\bin;C:\Program Files\nodejs\;C:\Program Files\Git\cmd;C:\Users\v.insalaca\AppData\Local\Microsoft\WindowsApps;C:\Users\v.insalaca\AppData\Local\Programs\Microsoft VS Code\bin;C:\Users\v.insalaca\AppData\Roaming\nvm;C:\Program Files\nodejs;C:\src\flutter\bin;C:\Program Files\Azure Data Studio\bin;C:\Program Files\Java\jdk-20\bin;C:\Users\v.insalaca\AppData\Local\Microsoft\WinGet\Links;C:\Users\v.insalaca\AppData\Roaming\npm;C:\Users\v.insalaca\AppData\Local\Programs\cursor;C:\Users\v.insalaca\AppData\Local\Programs\cursor\resources\app\bin;C:\Program Files\Eclipse Adoptium\jdk-17.0.14.7-hotspot\bin;C:\Users\v.insalaca\AppData\Local\Programs\Antigravity\bin;C:\src\flutter\bin\mingit\cmd;C:\src\flutter\bin\mingit\cmd
USERNAME=v.insalaca
OS=Windows_NT
PROCESSOR_IDENTIFIER=Intel64 Family 6 Model 154 Stepping 4, GenuineIntel
TMP=C:\Users\VC1D6~1.INS\AppData\Local\Temp
TEMP=C:\Users\VC1D6~1.INS\AppData\Local\Temp



Periodic native trim disabled


---------------  S Y S T E M  ---------------

OS:
 Windows 11 , 64 bit Build 26100 (10.0.26100.7309)
OS uptime: 12 days 0:01 hours
Hyper-V role detected

CPU: total 12 (initial active 12) (6 cores per cpu, 2 threads per core) family 6 model 154 stepping 4 microcode 0x437, cx8, cmov, fxsr, ht, mmx, 3dnowpref, sse, sse2, sse3, ssse3, sse4.1, sse4.2, popcnt, lzcnt, tsc, tscinvbit, avx, avx2, aes, erms, clmul, bmi1, bmi2, adx, sha, fma, vzeroupper, clflush, clflushopt, clwb, hv
Processor Information for processor 0
  Max Mhz: 1800, Current Mhz: 1800, Mhz Limit: 1800
Processor Information for processor 1
  Max Mhz: 1800, Current Mhz: 1800, Mhz Limit: 1800
Processor Information for processor 2
  Max Mhz: 1800, Current Mhz: 1800, Mhz Limit: 1800
Processor Information for processor 3
  Max Mhz: 1800, Current Mhz: 1800, Mhz Limit: 1800
Processor Information for processor 4
  Max Mhz: 1800, Current Mhz: 1800, Mhz Limit: 1800
Processor Information for processor 5
  Max Mhz: 1800, Current Mhz: 1800, Mhz Limit: 1800
Processor Information for processor 6
  Max Mhz: 1800, Current Mhz: 1523, Mhz Limit: 1800
Processor Information for processor 7
  Max Mhz: 1800, Current Mhz: 1800, Mhz Limit: 1800
Processor Information for processor 8
  Max Mhz: 1800, Current Mhz: 1800, Mhz Limit: 1800
Processor Information for processor 9
  Max Mhz: 1800, Current Mhz: 1800, Mhz Limit: 1800
Processor Information for processor 10
  Max Mhz: 1800, Current Mhz: 1523, Mhz Limit: 1800
Processor Information for processor 11
  Max Mhz: 1800, Current Mhz: 1800, Mhz Limit: 1800

Memory: 4k page, system-wide physical 16068M (881M free)
TotalPageFile size 65220M (AvailPageFile size 0M)
current process WorkingSet (physical memory assigned to process): 225M, peak: 226M
current process commit charge ("private bytes"): 271M, peak: 416M

vm_info: OpenJDK 64-Bit Server VM (17.0.14+7) for windows-amd64 JRE (17.0.14+7), built on Jan 21 2025 23:40:15 by "admin" with MS VC++ 17.7 (VS2022)

END.
